[0.296s] DEBUG:colcon:Command line arguments: ['/usr/bin/colcon', 'build', '--symlink-install']
[0.296s] DEBUG:colcon:Parsed command line arguments: Namespace(log_base=None, log_level=None, verb_name='build', build_base='build', install_base='install', merge_install=False, symlink_install=True, test_result_base=None, continue_on_error=False, executor='parallel', parallel_workers=4, event_handlers=None, ignore_user_meta=False, metas=['./colcon.meta'], base_paths=['.'], packages_ignore=None, packages_ignore_regex=None, paths=None, packages_up_to=None, packages_up_to_regex=None, packages_above=None, packages_above_and_dependencies=None, packages_above_depth=None, packages_select_by_dep=None, packages_skip_by_dep=None, packages_skip_up_to=None, packages_select_build_failed=False, packages_skip_build_finished=False, packages_select_test_failures=False, packages_skip_test_passed=False, packages_select=None, packages_skip=None, packages_select_regex=None, packages_skip_regex=None, packages_start=None, packages_end=None, allow_overriding=[], cmake_args=None, cmake_target=None, cmake_target_skip_unavailable=False, cmake_clean_cache=False, cmake_clean_first=False, cmake_force_configure=False, ament_cmake_args=None, catkin_cmake_args=None, catkin_skip_building_tests=False, verb_parser=<colcon_defaults.argument_parser.defaults.DefaultArgumentsDecorator object at 0x7f71e23a3460>, verb_extension=<colcon_core.verb.build.BuildVerb object at 0x7f71e23a2ef0>, main=<bound method BuildVerb.main of <colcon_core.verb.build.BuildVerb object at 0x7f71e23a2ef0>>)
[0.316s] Level 1:colcon.colcon_core.package_discovery:discover_packages(colcon_meta) check parameters
[0.316s] Level 1:colcon.colcon_core.package_discovery:discover_packages(recursive) check parameters
[0.316s] Level 1:colcon.colcon_core.package_discovery:discover_packages(ignore) check parameters
[0.316s] Level 1:colcon.colcon_core.package_discovery:discover_packages(path) check parameters
[0.316s] Level 1:colcon.colcon_core.package_discovery:discover_packages(colcon_meta) discover
[0.316s] Level 1:colcon.colcon_core.package_discovery:discover_packages(recursive) discover
[0.316s] INFO:colcon.colcon_core.package_discovery:Crawling recursively for packages in '/home/siddarth/turtle_pong'
[0.316s] Level 1:colcon.colcon_core.package_identification:_identify(.) by extensions ['ignore', 'ignore_ament_install']
[0.316s] Level 1:colcon.colcon_core.package_identification:_identify(.) by extension 'ignore'
[0.316s] Level 1:colcon.colcon_core.package_identification:_identify(.) by extension 'ignore_ament_install'
[0.316s] Level 1:colcon.colcon_core.package_identification:_identify(.) by extensions ['colcon_pkg']
[0.316s] Level 1:colcon.colcon_core.package_identification:_identify(.) by extension 'colcon_pkg'
[0.316s] Level 1:colcon.colcon_core.package_identification:_identify(.) by extensions ['colcon_meta']
[0.316s] Level 1:colcon.colcon_core.package_identification:_identify(.) by extension 'colcon_meta'
[0.316s] Level 1:colcon.colcon_core.package_identification:_identify(.) by extensions ['ros']
[0.316s] Level 1:colcon.colcon_core.package_identification:_identify(.) by extension 'ros'
[0.326s] Level 1:colcon.colcon_core.package_identification:_identify(.) by extensions ['cmake', 'python']
[0.326s] Level 1:colcon.colcon_core.package_identification:_identify(.) by extension 'cmake'
[0.326s] Level 1:colcon.colcon_core.package_identification:_identify(.) by extension 'python'
[0.326s] Level 1:colcon.colcon_core.package_identification:_identify(.) by extensions ['python_setup_py']
[0.326s] Level 1:colcon.colcon_core.package_identification:_identify(.) by extension 'python_setup_py'
[0.326s] Level 1:colcon.colcon_core.package_identification:_identify(build) by extensions ['ignore', 'ignore_ament_install']
[0.326s] Level 1:colcon.colcon_core.package_identification:_identify(build) by extension 'ignore'
[0.326s] Level 1:colcon.colcon_core.package_identification:_identify(build) ignored
[0.326s] Level 1:colcon.colcon_core.package_identification:_identify(install) by extensions ['ignore', 'ignore_ament_install']
[0.327s] Level 1:colcon.colcon_core.package_identification:_identify(install) by extension 'ignore'
[0.327s] Level 1:colcon.colcon_core.package_identification:_identify(install) ignored
[0.327s] Level 1:colcon.colcon_core.package_identification:_identify(launch) by extensions ['ignore', 'ignore_ament_install']
[0.327s] Level 1:colcon.colcon_core.package_identification:_identify(launch) by extension 'ignore'
[0.327s] Level 1:colcon.colcon_core.package_identification:_identify(launch) by extension 'ignore_ament_install'
[0.327s] Level 1:colcon.colcon_core.package_identification:_identify(launch) by extensions ['colcon_pkg']
[0.327s] Level 1:colcon.colcon_core.package_identification:_identify(launch) by extension 'colcon_pkg'
[0.327s] Level 1:colcon.colcon_core.package_identification:_identify(launch) by extensions ['colcon_meta']
[0.327s] Level 1:colcon.colcon_core.package_identification:_identify(launch) by extension 'colcon_meta'
[0.327s] Level 1:colcon.colcon_core.package_identification:_identify(launch) by extensions ['ros']
[0.327s] Level 1:colcon.colcon_core.package_identification:_identify(launch) by extension 'ros'
[0.327s] Level 1:colcon.colcon_core.package_identification:_identify(launch) by extensions ['cmake', 'python']
[0.327s] Level 1:colcon.colcon_core.package_identification:_identify(launch) by extension 'cmake'
[0.327s] Level 1:colcon.colcon_core.package_identification:_identify(launch) by extension 'python'
[0.327s] Level 1:colcon.colcon_core.package_identification:_identify(launch) by extensions ['python_setup_py']
[0.327s] Level 1:colcon.colcon_core.package_identification:_identify(launch) by extension 'python_setup_py'
[0.327s] Level 1:colcon.colcon_core.package_identification:_identify(launch/__pycache__) by extensions ['ignore', 'ignore_ament_install']
[0.327s] Level 1:colcon.colcon_core.package_identification:_identify(launch/__pycache__) by extension 'ignore'
[0.327s] Level 1:colcon.colcon_core.package_identification:_identify(launch/__pycache__) by extension 'ignore_ament_install'
[0.327s] Level 1:colcon.colcon_core.package_identification:_identify(launch/__pycache__) by extensions ['colcon_pkg']
[0.327s] Level 1:colcon.colcon_core.package_identification:_identify(launch/__pycache__) by extension 'colcon_pkg'
[0.327s] Level 1:colcon.colcon_core.package_identification:_identify(launch/__pycache__) by extensions ['colcon_meta']
[0.328s] Level 1:colcon.colcon_core.package_identification:_identify(launch/__pycache__) by extension 'colcon_meta'
[0.328s] Level 1:colcon.colcon_core.package_identification:_identify(launch/__pycache__) by extensions ['ros']
[0.328s] Level 1:colcon.colcon_core.package_identification:_identify(launch/__pycache__) by extension 'ros'
[0.328s] Level 1:colcon.colcon_core.package_identification:_identify(launch/__pycache__) by extensions ['cmake', 'python']
[0.328s] Level 1:colcon.colcon_core.package_identification:_identify(launch/__pycache__) by extension 'cmake'
[0.328s] Level 1:colcon.colcon_core.package_identification:_identify(launch/__pycache__) by extension 'python'
[0.328s] Level 1:colcon.colcon_core.package_identification:_identify(launch/__pycache__) by extensions ['python_setup_py']
[0.328s] Level 1:colcon.colcon_core.package_identification:_identify(launch/__pycache__) by extension 'python_setup_py'
[0.328s] Level 1:colcon.colcon_core.package_identification:_identify(log) by extensions ['ignore', 'ignore_ament_install']
[0.328s] Level 1:colcon.colcon_core.package_identification:_identify(log) by extension 'ignore'
[0.328s] Level 1:colcon.colcon_core.package_identification:_identify(log) ignored
[0.328s] Level 1:colcon.colcon_core.package_identification:_identify(src) by extensions ['ignore', 'ignore_ament_install']
[0.328s] Level 1:colcon.colcon_core.package_identification:_identify(src) by extension 'ignore'
[0.328s] Level 1:colcon.colcon_core.package_identification:_identify(src) by extension 'ignore_ament_install'
[0.328s] Level 1:colcon.colcon_core.package_identification:_identify(src) by extensions ['colcon_pkg']
[0.328s] Level 1:colcon.colcon_core.package_identification:_identify(src) by extension 'colcon_pkg'
[0.328s] Level 1:colcon.colcon_core.package_identification:_identify(src) by extensions ['colcon_meta']
[0.328s] Level 1:colcon.colcon_core.package_identification:_identify(src) by extension 'colcon_meta'
[0.328s] Level 1:colcon.colcon_core.package_identification:_identify(src) by extensions ['ros']
[0.328s] Level 1:colcon.colcon_core.package_identification:_identify(src) by extension 'ros'
[0.328s] Level 1:colcon.colcon_core.package_identification:_identify(src) by extensions ['cmake', 'python']
[0.329s] Level 1:colcon.colcon_core.package_identification:_identify(src) by extension 'cmake'
[0.329s] Level 1:colcon.colcon_core.package_identification:_identify(src) by extension 'python'
[0.329s] Level 1:colcon.colcon_core.package_identification:_identify(src) by extensions ['python_setup_py']
[0.329s] Level 1:colcon.colcon_core.package_identification:_identify(src) by extension 'python_setup_py'
[0.329s] Level 1:colcon.colcon_core.package_identification:_identify(src/build) by extensions ['ignore', 'ignore_ament_install']
[0.329s] Level 1:colcon.colcon_core.package_identification:_identify(src/build) by extension 'ignore'
[0.329s] Level 1:colcon.colcon_core.package_identification:_identify(src/build) ignored
[0.329s] Level 1:colcon.colcon_core.package_identification:_identify(src/install) by extensions ['ignore', 'ignore_ament_install']
[0.329s] Level 1:colcon.colcon_core.package_identification:_identify(src/install) by extension 'ignore'
[0.329s] Level 1:colcon.colcon_core.package_identification:_identify(src/install) ignored
[0.329s] Level 1:colcon.colcon_core.package_identification:_identify(src/log) by extensions ['ignore', 'ignore_ament_install']
[0.329s] Level 1:colcon.colcon_core.package_identification:_identify(src/log) by extension 'ignore'
[0.329s] Level 1:colcon.colcon_core.package_identification:_identify(src/log) ignored
[0.329s] Level 1:colcon.colcon_core.package_identification:_identify(src/ping_pong) by extensions ['ignore', 'ignore_ament_install']
[0.329s] Level 1:colcon.colcon_core.package_identification:_identify(src/ping_pong) by extension 'ignore'
[0.329s] Level 1:colcon.colcon_core.package_identification:_identify(src/ping_pong) by extension 'ignore_ament_install'
[0.329s] Level 1:colcon.colcon_core.package_identification:_identify(src/ping_pong) by extensions ['colcon_pkg']
[0.329s] Level 1:colcon.colcon_core.package_identification:_identify(src/ping_pong) by extension 'colcon_pkg'
[0.329s] Level 1:colcon.colcon_core.package_identification:_identify(src/ping_pong) by extensions ['colcon_meta']
[0.330s] Level 1:colcon.colcon_core.package_identification:_identify(src/ping_pong) by extension 'colcon_meta'
[0.330s] Level 1:colcon.colcon_core.package_identification:_identify(src/ping_pong) by extensions ['ros']
[0.330s] Level 1:colcon.colcon_core.package_identification:_identify(src/ping_pong) by extension 'ros'
[0.333s] DEBUG:colcon.colcon_core.package_identification:Package 'src/ping_pong' with type 'ros.ament_python' and name 'ping_pong'
[0.333s] Level 1:colcon.colcon_core.package_discovery:discover_packages(recursive) using defaults
[0.333s] Level 1:colcon.colcon_core.package_discovery:discover_packages(ignore) discover
[0.333s] Level 1:colcon.colcon_core.package_discovery:discover_packages(ignore) using defaults
[0.333s] Level 1:colcon.colcon_core.package_discovery:discover_packages(path) discover
[0.333s] Level 1:colcon.colcon_core.package_discovery:discover_packages(path) using defaults
[0.351s] Level 1:colcon.colcon_core.package_discovery:discover_packages(prefix_path) check parameters
[0.351s] Level 1:colcon.colcon_core.package_discovery:discover_packages(prefix_path) discover
[0.353s] DEBUG:colcon.colcon_installed_package_information.package_discovery:Found 1 installed packages in /home/siddarth/turtle_pong/install
[0.355s] DEBUG:colcon.colcon_installed_package_information.package_discovery:Found 338 installed packages in /opt/ros/humble
[0.357s] Level 1:colcon.colcon_core.package_discovery:discover_packages(prefix_path) using defaults
[0.416s] Level 5:colcon.colcon_core.verb:set package 'ping_pong' build argument 'cmake_args' from command line to 'None'
[0.416s] Level 5:colcon.colcon_core.verb:set package 'ping_pong' build argument 'cmake_target' from command line to 'None'
[0.416s] Level 5:colcon.colcon_core.verb:set package 'ping_pong' build argument 'cmake_target_skip_unavailable' from command line to 'False'
[0.416s] Level 5:colcon.colcon_core.verb:set package 'ping_pong' build argument 'cmake_clean_cache' from command line to 'False'
[0.416s] Level 5:colcon.colcon_core.verb:set package 'ping_pong' build argument 'cmake_clean_first' from command line to 'False'
[0.416s] Level 5:colcon.colcon_core.verb:set package 'ping_pong' build argument 'cmake_force_configure' from command line to 'False'
[0.416s] Level 5:colcon.colcon_core.verb:set package 'ping_pong' build argument 'ament_cmake_args' from command line to 'None'
[0.416s] Level 5:colcon.colcon_core.verb:set package 'ping_pong' build argument 'catkin_cmake_args' from command line to 'None'
[0.416s] Level 5:colcon.colcon_core.verb:set package 'ping_pong' build argument 'catkin_skip_building_tests' from command line to 'False'
[0.416s] DEBUG:colcon.colcon_core.verb:Building package 'ping_pong' with the following arguments: {'ament_cmake_args': None, 'build_base': '/home/siddarth/turtle_pong/build/ping_pong', 'catkin_cmake_args': None, 'catkin_skip_building_tests': False, 'cmake_args': None, 'cmake_clean_cache': False, 'cmake_clean_first': False, 'cmake_force_configure': False, 'cmake_target': None, 'cmake_target_skip_unavailable': False, 'install_base': '/home/siddarth/turtle_pong/install/ping_pong', 'merge_install': False, 'path': '/home/siddarth/turtle_pong/src/ping_pong', 'symlink_install': True, 'test_result_base': None}
[0.416s] INFO:colcon.colcon_core.executor:Executing jobs using 'parallel' executor
[0.419s] DEBUG:colcon.colcon_parallel_executor.executor.parallel:run_until_complete
[0.419s] INFO:colcon.colcon_ros.task.ament_python.build:Building ROS package in '/home/siddarth/turtle_pong/src/ping_pong' with build type 'ament_python'
[0.419s] Level 1:colcon.colcon_core.shell:create_environment_hook('ping_pong', 'ament_prefix_path')
[0.424s] INFO:colcon.colcon_core.plugin_system:Skipping extension 'colcon_core.shell.bat': Not used on non-Windows systems
[0.424s] INFO:colcon.colcon_core.shell:Creating environment hook '/home/siddarth/turtle_pong/install/ping_pong/share/ping_pong/hook/ament_prefix_path.ps1'
[0.424s] INFO:colcon.colcon_core.shell:Creating environment descriptor '/home/siddarth/turtle_pong/install/ping_pong/share/ping_pong/hook/ament_prefix_path.dsv'
[0.425s] INFO:colcon.colcon_core.shell:Creating environment hook '/home/siddarth/turtle_pong/install/ping_pong/share/ping_pong/hook/ament_prefix_path.sh'
[0.426s] INFO:colcon.colcon_core.shell:Skip shell extension 'powershell' for command environment: Not usable outside of PowerShell
[0.426s] DEBUG:colcon.colcon_core.shell:Skip shell extension 'dsv' for command environment
[0.680s] INFO:colcon.colcon_core.task.python.build:Building Python package in '/home/siddarth/turtle_pong/src/ping_pong'
[0.682s] INFO:colcon.colcon_core.shell:Skip shell extension 'powershell' for command environment: Not usable outside of PowerShell
[0.682s] DEBUG:colcon.colcon_core.shell:Skip shell extension 'dsv' for command environment
[1.017s] DEBUG:colcon.colcon_core.event_handler.log_command:Invoking command in '/home/siddarth/turtle_pong/build/ping_pong': PYTHONPATH=/home/siddarth/turtle_pong/build/ping_pong/prefix_override:/home/siddarth/turtle_pong/install/ping_pong/lib/python3.10/site-packages:${PYTHONPATH} /usr/bin/python3 setup.py develop --editable --build-directory /home/siddarth/turtle_pong/build/ping_pong/build --no-deps install_data
[1.468s] Level 1:colcon.colcon_core.shell:create_environment_hook('ping_pong', 'pythonpath_develop')
[1.469s] INFO:colcon.colcon_core.shell:Creating environment hook '/home/siddarth/turtle_pong/build/ping_pong/share/ping_pong/hook/pythonpath_develop.ps1'
[1.470s] DEBUG:colcon.colcon_core.event_handler.log_command:Invoked command in '/home/siddarth/turtle_pong/build/ping_pong' returned '0': PYTHONPATH=/home/siddarth/turtle_pong/build/ping_pong/prefix_override:/home/siddarth/turtle_pong/install/ping_pong/lib/python3.10/site-packages:${PYTHONPATH} /usr/bin/python3 setup.py develop --editable --build-directory /home/siddarth/turtle_pong/build/ping_pong/build --no-deps install_data
[1.470s] INFO:colcon.colcon_core.shell:Creating environment descriptor '/home/siddarth/turtle_pong/build/ping_pong/share/ping_pong/hook/pythonpath_develop.dsv'
[1.471s] INFO:colcon.colcon_core.shell:Creating environment hook '/home/siddarth/turtle_pong/build/ping_pong/share/ping_pong/hook/pythonpath_develop.sh'
[1.476s] Level 1:colcon.colcon_core.environment:checking '/home/siddarth/turtle_pong/install/ping_pong' for CMake module files
[1.476s] Level 1:colcon.colcon_core.environment:checking '/home/siddarth/turtle_pong/install/ping_pong' for CMake config files
[1.477s] Level 1:colcon.colcon_core.environment:checking '/home/siddarth/turtle_pong/install/ping_pong/lib'
[1.477s] Level 1:colcon.colcon_core.environment:checking '/home/siddarth/turtle_pong/install/ping_pong/bin'
[1.477s] Level 1:colcon.colcon_core.environment:checking '/home/siddarth/turtle_pong/install/ping_pong/lib/pkgconfig/ping_pong.pc'
[1.477s] Level 1:colcon.colcon_core.environment:checking '/home/siddarth/turtle_pong/install/ping_pong/lib/python3.10/site-packages'
[1.477s] Level 1:colcon.colcon_core.shell:create_environment_hook('ping_pong', 'pythonpath')
[1.478s] INFO:colcon.colcon_core.shell:Creating environment hook '/home/siddarth/turtle_pong/install/ping_pong/share/ping_pong/hook/pythonpath.ps1'
[1.479s] INFO:colcon.colcon_core.shell:Creating environment descriptor '/home/siddarth/turtle_pong/install/ping_pong/share/ping_pong/hook/pythonpath.dsv'
[1.479s] INFO:colcon.colcon_core.shell:Creating environment hook '/home/siddarth/turtle_pong/install/ping_pong/share/ping_pong/hook/pythonpath.sh'
[1.480s] Level 1:colcon.colcon_core.environment:checking '/home/siddarth/turtle_pong/install/ping_pong/bin'
[1.480s] Level 1:colcon.colcon_core.environment:create_environment_scripts_only(ping_pong)
[1.481s] INFO:colcon.colcon_core.shell:Creating package script '/home/siddarth/turtle_pong/install/ping_pong/share/ping_pong/package.ps1'
[1.483s] INFO:colcon.colcon_core.shell:Creating package descriptor '/home/siddarth/turtle_pong/install/ping_pong/share/ping_pong/package.dsv'
[1.483s] INFO:colcon.colcon_core.shell:Creating package script '/home/siddarth/turtle_pong/install/ping_pong/share/ping_pong/package.sh'
[1.484s] INFO:colcon.colcon_core.shell:Creating package script '/home/siddarth/turtle_pong/install/ping_pong/share/ping_pong/package.bash'
[1.485s] INFO:colcon.colcon_core.shell:Creating package script '/home/siddarth/turtle_pong/install/ping_pong/share/ping_pong/package.zsh'
[1.485s] Level 1:colcon.colcon_core.environment:create_file_with_runtime_dependencies(/home/siddarth/turtle_pong/install/ping_pong/share/colcon-core/packages/ping_pong)
[1.486s] DEBUG:colcon.colcon_parallel_executor.executor.parallel:closing loop
[1.486s] DEBUG:colcon.colcon_parallel_executor.executor.parallel:loop closed
[1.486s] DEBUG:colcon.colcon_parallel_executor.executor.parallel:run_until_complete finished with '0'
[1.486s] DEBUG:colcon.colcon_core.event_reactor:joining thread
[1.492s] INFO:colcon.colcon_core.plugin_system:Skipping extension 'colcon_notification.desktop_notification.terminal_notifier': Not used on non-Darwin systems
[1.492s] INFO:colcon.colcon_core.plugin_system:Skipping extension 'colcon_notification.desktop_notification.win32': Not used on non-Windows systems
[1.492s] INFO:colcon.colcon_notification.desktop_notification:Sending desktop notification using 'notify2'
[1.506s] DEBUG:colcon.colcon_core.event_reactor:joined thread
[1.507s] INFO:colcon.colcon_core.shell:Creating prefix script '/home/siddarth/turtle_pong/install/local_setup.ps1'
[1.509s] INFO:colcon.colcon_core.shell:Creating prefix util module '/home/siddarth/turtle_pong/install/_local_setup_util_ps1.py'
[1.510s] INFO:colcon.colcon_core.shell:Creating prefix chain script '/home/siddarth/turtle_pong/install/setup.ps1'
[1.511s] INFO:colcon.colcon_core.shell:Creating prefix script '/home/siddarth/turtle_pong/install/local_setup.sh'
[1.513s] INFO:colcon.colcon_core.shell:Creating prefix util module '/home/siddarth/turtle_pong/install/_local_setup_util_sh.py'
[1.514s] INFO:colcon.colcon_core.shell:Creating prefix chain script '/home/siddarth/turtle_pong/install/setup.sh'
[1.515s] INFO:colcon.colcon_core.shell:Creating prefix script '/home/siddarth/turtle_pong/install/local_setup.bash'
[1.516s] INFO:colcon.colcon_core.shell:Creating prefix chain script '/home/siddarth/turtle_pong/install/setup.bash'
[1.517s] INFO:colcon.colcon_core.shell:Creating prefix script '/home/siddarth/turtle_pong/install/local_setup.zsh'
[1.518s] INFO:colcon.colcon_core.shell:Creating prefix chain script '/home/siddarth/turtle_pong/install/setup.zsh'
