[0.519s] DEBUG:colcon:Command line arguments: ['/usr/bin/colcon', 'build', '--symlink-install']
[0.519s] DEBUG:colcon:Parsed command line arguments: Namespace(log_base=None, log_level=None, verb_name='build', build_base='build', install_base='install', merge_install=False, symlink_install=True, test_result_base=None, continue_on_error=False, executor='parallel', parallel_workers=4, event_handlers=None, ignore_user_meta=False, metas=['./colcon.meta'], base_paths=['.'], packages_ignore=None, packages_ignore_regex=None, paths=None, packages_up_to=None, packages_up_to_regex=None, packages_above=None, packages_above_and_dependencies=None, packages_above_depth=None, packages_select_by_dep=None, packages_skip_by_dep=None, packages_skip_up_to=None, packages_select_build_failed=False, packages_skip_build_finished=False, packages_select_test_failures=False, packages_skip_test_passed=False, packages_select=None, packages_skip=None, packages_select_regex=None, packages_skip_regex=None, packages_start=None, packages_end=None, allow_overriding=[], cmake_args=None, cmake_target=None, cmake_target_skip_unavailable=False, cmake_clean_cache=False, cmake_clean_first=False, cmake_force_configure=False, ament_cmake_args=None, catkin_cmake_args=None, catkin_skip_building_tests=False, verb_parser=<colcon_defaults.argument_parser.defaults.DefaultArgumentsDecorator object at 0x7fb944696830>, verb_extension=<colcon_core.verb.build.BuildVerb object at 0x7fb9446962c0>, main=<bound method BuildVerb.main of <colcon_core.verb.build.BuildVerb object at 0x7fb9446962c0>>)
[0.575s] Level 1:colcon.colcon_core.package_discovery:discover_packages(colcon_meta) check parameters
[0.575s] Level 1:colcon.colcon_core.package_discovery:discover_packages(recursive) check parameters
[0.575s] Level 1:colcon.colcon_core.package_discovery:discover_packages(ignore) check parameters
[0.575s] Level 1:colcon.colcon_core.package_discovery:discover_packages(path) check parameters
[0.575s] Level 1:colcon.colcon_core.package_discovery:discover_packages(colcon_meta) discover
[0.575s] Level 1:colcon.colcon_core.package_discovery:discover_packages(recursive) discover
[0.575s] INFO:colcon.colcon_core.package_discovery:Crawling recursively for packages in '/home/siddarth/turtle_pong/src'
[0.576s] Level 1:colcon.colcon_core.package_identification:_identify(.) by extensions ['ignore', 'ignore_ament_install']
[0.576s] Level 1:colcon.colcon_core.package_identification:_identify(.) by extension 'ignore'
[0.576s] Level 1:colcon.colcon_core.package_identification:_identify(.) by extension 'ignore_ament_install'
[0.576s] Level 1:colcon.colcon_core.package_identification:_identify(.) by extensions ['colcon_pkg']
[0.576s] Level 1:colcon.colcon_core.package_identification:_identify(.) by extension 'colcon_pkg'
[0.576s] Level 1:colcon.colcon_core.package_identification:_identify(.) by extensions ['colcon_meta']
[0.576s] Level 1:colcon.colcon_core.package_identification:_identify(.) by extension 'colcon_meta'
[0.576s] Level 1:colcon.colcon_core.package_identification:_identify(.) by extensions ['ros']
[0.576s] Level 1:colcon.colcon_core.package_identification:_identify(.) by extension 'ros'
[0.592s] Level 1:colcon.colcon_core.package_identification:_identify(.) by extensions ['cmake', 'python']
[0.592s] Level 1:colcon.colcon_core.package_identification:_identify(.) by extension 'cmake'
[0.592s] Level 1:colcon.colcon_core.package_identification:_identify(.) by extension 'python'
[0.592s] Level 1:colcon.colcon_core.package_identification:_identify(.) by extensions ['python_setup_py']
[0.592s] Level 1:colcon.colcon_core.package_identification:_identify(.) by extension 'python_setup_py'
[0.592s] Level 1:colcon.colcon_core.package_identification:_identify(build) by extensions ['ignore', 'ignore_ament_install']
[0.592s] Level 1:colcon.colcon_core.package_identification:_identify(build) by extension 'ignore'
[0.592s] Level 1:colcon.colcon_core.package_identification:_identify(build) ignored
[0.592s] Level 1:colcon.colcon_core.package_identification:_identify(install) by extensions ['ignore', 'ignore_ament_install']
[0.592s] Level 1:colcon.colcon_core.package_identification:_identify(install) by extension 'ignore'
[0.592s] Level 1:colcon.colcon_core.package_identification:_identify(install) ignored
[0.592s] Level 1:colcon.colcon_core.package_identification:_identify(log) by extensions ['ignore', 'ignore_ament_install']
[0.593s] Level 1:colcon.colcon_core.package_identification:_identify(log) by extension 'ignore'
[0.593s] Level 1:colcon.colcon_core.package_identification:_identify(log) ignored
[0.593s] Level 1:colcon.colcon_core.package_identification:_identify(ping_pong) by extensions ['ignore', 'ignore_ament_install']
[0.593s] Level 1:colcon.colcon_core.package_identification:_identify(ping_pong) by extension 'ignore'
[0.593s] Level 1:colcon.colcon_core.package_identification:_identify(ping_pong) by extension 'ignore_ament_install'
[0.593s] Level 1:colcon.colcon_core.package_identification:_identify(ping_pong) by extensions ['colcon_pkg']
[0.593s] Level 1:colcon.colcon_core.package_identification:_identify(ping_pong) by extension 'colcon_pkg'
[0.593s] Level 1:colcon.colcon_core.package_identification:_identify(ping_pong) by extensions ['colcon_meta']
[0.593s] Level 1:colcon.colcon_core.package_identification:_identify(ping_pong) by extension 'colcon_meta'
[0.593s] Level 1:colcon.colcon_core.package_identification:_identify(ping_pong) by extensions ['ros']
[0.593s] Level 1:colcon.colcon_core.package_identification:_identify(ping_pong) by extension 'ros'
[0.598s] DEBUG:colcon.colcon_core.package_identification:Package 'ping_pong' with type 'ros.ament_python' and name 'ping_pong'
[0.598s] Level 1:colcon.colcon_core.package_discovery:discover_packages(recursive) using defaults
[0.598s] Level 1:colcon.colcon_core.package_discovery:discover_packages(ignore) discover
[0.598s] Level 1:colcon.colcon_core.package_discovery:discover_packages(ignore) using defaults
[0.598s] Level 1:colcon.colcon_core.package_discovery:discover_packages(path) discover
[0.598s] Level 1:colcon.colcon_core.package_discovery:discover_packages(path) using defaults
[0.625s] Level 1:colcon.colcon_core.package_discovery:discover_packages(prefix_path) check parameters
[0.625s] Level 1:colcon.colcon_core.package_discovery:discover_packages(prefix_path) discover
[0.630s] DEBUG:colcon.colcon_installed_package_information.package_discovery:Found 0 installed packages in /home/siddarth/turtle_pong/install
[0.632s] DEBUG:colcon.colcon_installed_package_information.package_discovery:Found 338 installed packages in /opt/ros/humble
[0.633s] Level 1:colcon.colcon_core.package_discovery:discover_packages(prefix_path) using defaults
[0.764s] Level 5:colcon.colcon_core.verb:set package 'ping_pong' build argument 'cmake_args' from command line to 'None'
[0.764s] Level 5:colcon.colcon_core.verb:set package 'ping_pong' build argument 'cmake_target' from command line to 'None'
[0.765s] Level 5:colcon.colcon_core.verb:set package 'ping_pong' build argument 'cmake_target_skip_unavailable' from command line to 'False'
[0.765s] Level 5:colcon.colcon_core.verb:set package 'ping_pong' build argument 'cmake_clean_cache' from command line to 'False'
[0.765s] Level 5:colcon.colcon_core.verb:set package 'ping_pong' build argument 'cmake_clean_first' from command line to 'False'
[0.765s] Level 5:colcon.colcon_core.verb:set package 'ping_pong' build argument 'cmake_force_configure' from command line to 'False'
[0.765s] Level 5:colcon.colcon_core.verb:set package 'ping_pong' build argument 'ament_cmake_args' from command line to 'None'
[0.765s] Level 5:colcon.colcon_core.verb:set package 'ping_pong' build argument 'catkin_cmake_args' from command line to 'None'
[0.765s] Level 5:colcon.colcon_core.verb:set package 'ping_pong' build argument 'catkin_skip_building_tests' from command line to 'False'
[0.765s] DEBUG:colcon.colcon_core.verb:Building package 'ping_pong' with the following arguments: {'ament_cmake_args': None, 'build_base': '/home/siddarth/turtle_pong/src/build/ping_pong', 'catkin_cmake_args': None, 'catkin_skip_building_tests': False, 'cmake_args': None, 'cmake_clean_cache': False, 'cmake_clean_first': False, 'cmake_force_configure': False, 'cmake_target': None, 'cmake_target_skip_unavailable': False, 'install_base': '/home/siddarth/turtle_pong/src/install/ping_pong', 'merge_install': False, 'path': '/home/siddarth/turtle_pong/src/ping_pong', 'symlink_install': True, 'test_result_base': None}
[0.765s] INFO:colcon.colcon_core.executor:Executing jobs using 'parallel' executor
[0.768s] DEBUG:colcon.colcon_parallel_executor.executor.parallel:run_until_complete
[0.769s] INFO:colcon.colcon_ros.task.ament_python.build:Building ROS package in '/home/siddarth/turtle_pong/src/ping_pong' with build type 'ament_python'
[0.769s] Level 1:colcon.colcon_core.shell:create_environment_hook('ping_pong', 'ament_prefix_path')
[0.779s] INFO:colcon.colcon_core.plugin_system:Skipping extension 'colcon_core.shell.bat': Not used on non-Windows systems
[0.779s] INFO:colcon.colcon_core.shell:Creating environment hook '/home/siddarth/turtle_pong/src/install/ping_pong/share/ping_pong/hook/ament_prefix_path.ps1'
[0.780s] INFO:colcon.colcon_core.shell:Creating environment descriptor '/home/siddarth/turtle_pong/src/install/ping_pong/share/ping_pong/hook/ament_prefix_path.dsv'
[0.781s] INFO:colcon.colcon_core.shell:Creating environment hook '/home/siddarth/turtle_pong/src/install/ping_pong/share/ping_pong/hook/ament_prefix_path.sh'
[0.783s] INFO:colcon.colcon_core.shell:Skip shell extension 'powershell' for command environment: Not usable outside of PowerShell
[0.783s] DEBUG:colcon.colcon_core.shell:Skip shell extension 'dsv' for command environment
[1.059s] INFO:colcon.colcon_core.task.python.build:Building Python package in '/home/siddarth/turtle_pong/src/ping_pong'
[1.060s] INFO:colcon.colcon_core.shell:Skip shell extension 'powershell' for command environment: Not usable outside of PowerShell
[1.061s] DEBUG:colcon.colcon_core.shell:Skip shell extension 'dsv' for command environment
[1.450s] DEBUG:colcon.colcon_core.task.python.build:While undoing a previous installation files outside the Python library path are being ignored: /home/siddarth/turtle_pong/src/install/ping_pong/share/ament_index/resource_index/packages/ping_pong
[1.450s] DEBUG:colcon.colcon_core.task.python.build:While undoing a previous installation files outside the Python library path are being ignored: /home/siddarth/turtle_pong/src/install/ping_pong/share/ping_pong/package.xml
[1.452s] DEBUG:colcon.colcon_core.event_handler.log_command:Invoking command in '/home/siddarth/turtle_pong/src/build/ping_pong': PYTHONPATH=/home/siddarth/turtle_pong/src/build/ping_pong/prefix_override:/home/siddarth/turtle_pong/src/install/ping_pong/lib/python3.10/site-packages:${PYTHONPATH} /usr/bin/python3 setup.py develop --editable --build-directory /home/siddarth/turtle_pong/src/build/ping_pong/build --no-deps install_data
[1.878s] Level 1:colcon.colcon_core.shell:create_environment_hook('ping_pong', 'pythonpath_develop')
[1.879s] INFO:colcon.colcon_core.shell:Creating environment hook '/home/siddarth/turtle_pong/src/build/ping_pong/share/ping_pong/hook/pythonpath_develop.ps1'
[1.880s] DEBUG:colcon.colcon_core.event_handler.log_command:Invoked command in '/home/siddarth/turtle_pong/src/build/ping_pong' returned '0': PYTHONPATH=/home/siddarth/turtle_pong/src/build/ping_pong/prefix_override:/home/siddarth/turtle_pong/src/install/ping_pong/lib/python3.10/site-packages:${PYTHONPATH} /usr/bin/python3 setup.py develop --editable --build-directory /home/siddarth/turtle_pong/src/build/ping_pong/build --no-deps install_data
[1.880s] INFO:colcon.colcon_core.shell:Creating environment descriptor '/home/siddarth/turtle_pong/src/build/ping_pong/share/ping_pong/hook/pythonpath_develop.dsv'
[1.880s] INFO:colcon.colcon_core.shell:Creating environment hook '/home/siddarth/turtle_pong/src/build/ping_pong/share/ping_pong/hook/pythonpath_develop.sh'
[1.890s] Level 1:colcon.colcon_core.environment:checking '/home/siddarth/turtle_pong/src/install/ping_pong' for CMake module files
[1.890s] Level 1:colcon.colcon_core.environment:checking '/home/siddarth/turtle_pong/src/install/ping_pong' for CMake config files
[1.891s] Level 1:colcon.colcon_core.environment:checking '/home/siddarth/turtle_pong/src/install/ping_pong/lib'
[1.891s] Level 1:colcon.colcon_core.environment:checking '/home/siddarth/turtle_pong/src/install/ping_pong/bin'
[1.891s] Level 1:colcon.colcon_core.environment:checking '/home/siddarth/turtle_pong/src/install/ping_pong/lib/pkgconfig/ping_pong.pc'
[1.891s] Level 1:colcon.colcon_core.environment:checking '/home/siddarth/turtle_pong/src/install/ping_pong/lib/python3.10/site-packages'
[1.891s] Level 1:colcon.colcon_core.shell:create_environment_hook('ping_pong', 'pythonpath')
[1.893s] INFO:colcon.colcon_core.shell:Creating environment hook '/home/siddarth/turtle_pong/src/install/ping_pong/share/ping_pong/hook/pythonpath.ps1'
[1.893s] INFO:colcon.colcon_core.shell:Creating environment descriptor '/home/siddarth/turtle_pong/src/install/ping_pong/share/ping_pong/hook/pythonpath.dsv'
[1.893s] INFO:colcon.colcon_core.shell:Creating environment hook '/home/siddarth/turtle_pong/src/install/ping_pong/share/ping_pong/hook/pythonpath.sh'
[1.894s] Level 1:colcon.colcon_core.environment:checking '/home/siddarth/turtle_pong/src/install/ping_pong/bin'
[1.894s] Level 1:colcon.colcon_core.environment:create_environment_scripts_only(ping_pong)
[1.895s] INFO:colcon.colcon_core.shell:Creating package script '/home/siddarth/turtle_pong/src/install/ping_pong/share/ping_pong/package.ps1'
[1.896s] INFO:colcon.colcon_core.shell:Creating package descriptor '/home/siddarth/turtle_pong/src/install/ping_pong/share/ping_pong/package.dsv'
[1.897s] INFO:colcon.colcon_core.shell:Creating package script '/home/siddarth/turtle_pong/src/install/ping_pong/share/ping_pong/package.sh'
[1.898s] INFO:colcon.colcon_core.shell:Creating package script '/home/siddarth/turtle_pong/src/install/ping_pong/share/ping_pong/package.bash'
[1.899s] INFO:colcon.colcon_core.shell:Creating package script '/home/siddarth/turtle_pong/src/install/ping_pong/share/ping_pong/package.zsh'
[1.900s] Level 1:colcon.colcon_core.environment:create_file_with_runtime_dependencies(/home/siddarth/turtle_pong/src/install/ping_pong/share/colcon-core/packages/ping_pong)
[1.900s] DEBUG:colcon.colcon_parallel_executor.executor.parallel:closing loop
[1.900s] DEBUG:colcon.colcon_parallel_executor.executor.parallel:loop closed
[1.901s] DEBUG:colcon.colcon_parallel_executor.executor.parallel:run_until_complete finished with '0'
[1.901s] DEBUG:colcon.colcon_core.event_reactor:joining thread
[1.912s] INFO:colcon.colcon_core.plugin_system:Skipping extension 'colcon_notification.desktop_notification.terminal_notifier': Not used on non-Darwin systems
[1.912s] INFO:colcon.colcon_core.plugin_system:Skipping extension 'colcon_notification.desktop_notification.win32': Not used on non-Windows systems
[1.912s] INFO:colcon.colcon_notification.desktop_notification:Sending desktop notification using 'notify2'
[1.941s] DEBUG:colcon.colcon_core.event_reactor:joined thread
[1.942s] INFO:colcon.colcon_core.shell:Creating prefix script '/home/siddarth/turtle_pong/src/install/local_setup.ps1'
[1.946s] INFO:colcon.colcon_core.shell:Creating prefix util module '/home/siddarth/turtle_pong/src/install/_local_setup_util_ps1.py'
[1.951s] INFO:colcon.colcon_core.shell:Creating prefix chain script '/home/siddarth/turtle_pong/src/install/setup.ps1'
[1.953s] INFO:colcon.colcon_core.shell:Creating prefix script '/home/siddarth/turtle_pong/src/install/local_setup.sh'
[1.955s] INFO:colcon.colcon_core.shell:Creating prefix util module '/home/siddarth/turtle_pong/src/install/_local_setup_util_sh.py'
[1.956s] INFO:colcon.colcon_core.shell:Creating prefix chain script '/home/siddarth/turtle_pong/src/install/setup.sh'
[1.958s] INFO:colcon.colcon_core.shell:Creating prefix script '/home/siddarth/turtle_pong/src/install/local_setup.bash'
[1.959s] INFO:colcon.colcon_core.shell:Creating prefix chain script '/home/siddarth/turtle_pong/src/install/setup.bash'
[1.961s] INFO:colcon.colcon_core.shell:Creating prefix script '/home/siddarth/turtle_pong/src/install/local_setup.zsh'
[1.963s] INFO:colcon.colcon_core.shell:Creating prefix chain script '/home/siddarth/turtle_pong/src/install/setup.zsh'
