[1.521s] DEBUG:colcon:Command line arguments: ['/usr/bin/colcon', 'list', '-p', '--base-paths', '/home/siddarth/turtle_pong']
[1.521s] DEBUG:colcon:Parsed command line arguments: Namespace(log_base=None, log_level=None, verb_name='list', build_base='build', ignore_user_meta=False, metas=['./colcon.meta'], base_paths=['/home/siddarth/turtle_pong'], packages_ignore=None, packages_ignore_regex=None, paths=None, packages_up_to=None, packages_up_to_regex=None, packages_above=None, packages_above_and_dependencies=None, packages_above_depth=None, packages_select_by_dep=None, packages_skip_by_dep=None, packages_skip_up_to=None, packages_select_build_failed=False, packages_skip_build_finished=False, packages_select_test_failures=False, packages_skip_test_passed=False, packages_select=None, packages_skip=None, packages_select_regex=None, packages_skip_regex=None, packages_start=None, packages_end=None, allow_overriding=[], topological_order=False, names_only=False, paths_only=True, topological_graph=False, topological_graph_dot=False, topological_graph_density=False, topological_graph_legend=False, topological_graph_dot_cluster=False, topological_graph_dot_include_skipped=False, verb_parser=<colcon_defaults.argument_parser.defaults.DefaultArgumentsDecorator object at 0x7f7b798d03d0>, verb_extension=<colcon_package_information.verb.list.ListVerb object at 0x7f7b798551e0>, main=<bound method ListVerb.main of <colcon_package_information.verb.list.ListVerb object at 0x7f7b798551e0>>)
[1.820s] Level 1:colcon.colcon_core.package_discovery:discover_packages(colcon_meta) check parameters
[1.821s] Level 1:colcon.colcon_core.package_discovery:discover_packages(recursive) check parameters
[1.821s] Level 1:colcon.colcon_core.package_discovery:discover_packages(ignore) check parameters
[1.821s] Level 1:colcon.colcon_core.package_discovery:discover_packages(path) check parameters
[1.821s] Level 1:colcon.colcon_core.package_discovery:discover_packages(recursive) discover
[1.821s] INFO:colcon.colcon_core.package_discovery:Crawling recursively for packages in '/home/siddarth/turtle_pong'
[1.821s] Level 1:colcon.colcon_core.package_identification:_identify(/home/siddarth/turtle_pong) by extensions ['ignore', 'ignore_ament_install']
[1.821s] Level 1:colcon.colcon_core.package_identification:_identify(/home/siddarth/turtle_pong) by extension 'ignore'
[1.821s] Level 1:colcon.colcon_core.package_identification:_identify(/home/siddarth/turtle_pong) by extension 'ignore_ament_install'
[1.821s] Level 1:colcon.colcon_core.package_identification:_identify(/home/siddarth/turtle_pong) by extensions ['colcon_pkg']
[1.821s] Level 1:colcon.colcon_core.package_identification:_identify(/home/siddarth/turtle_pong) by extension 'colcon_pkg'
[1.821s] Level 1:colcon.colcon_core.package_identification:_identify(/home/siddarth/turtle_pong) by extensions ['colcon_meta']
[1.821s] Level 1:colcon.colcon_core.package_identification:_identify(/home/siddarth/turtle_pong) by extension 'colcon_meta'
[1.821s] Level 1:colcon.colcon_core.package_identification:_identify(/home/siddarth/turtle_pong) by extensions ['ros']
[1.821s] Level 1:colcon.colcon_core.package_identification:_identify(/home/siddarth/turtle_pong) by extension 'ros'
[1.840s] Level 1:colcon.colcon_core.package_identification:_identify(/home/siddarth/turtle_pong) by extensions ['cmake', 'python']
[1.840s] Level 1:colcon.colcon_core.package_identification:_identify(/home/siddarth/turtle_pong) by extension 'cmake'
[1.840s] Level 1:colcon.colcon_core.package_identification:_identify(/home/siddarth/turtle_pong) by extension 'python'
[1.840s] Level 1:colcon.colcon_core.package_identification:_identify(/home/siddarth/turtle_pong) by extensions ['python_setup_py']
[1.840s] Level 1:colcon.colcon_core.package_identification:_identify(/home/siddarth/turtle_pong) by extension 'python_setup_py'
[1.840s] Level 1:colcon.colcon_core.package_identification:_identify(/home/siddarth/turtle_pong/build) by extensions ['ignore', 'ignore_ament_install']
[1.840s] Level 1:colcon.colcon_core.package_identification:_identify(/home/siddarth/turtle_pong/build) by extension 'ignore'
[1.840s] Level 1:colcon.colcon_core.package_identification:_identify(/home/siddarth/turtle_pong/build) ignored
[1.840s] Level 1:colcon.colcon_core.package_identification:_identify(/home/siddarth/turtle_pong/install) by extensions ['ignore', 'ignore_ament_install']
[1.840s] Level 1:colcon.colcon_core.package_identification:_identify(/home/siddarth/turtle_pong/install) by extension 'ignore'
[1.840s] Level 1:colcon.colcon_core.package_identification:_identify(/home/siddarth/turtle_pong/install) ignored
[1.840s] Level 1:colcon.colcon_core.package_identification:_identify(/home/siddarth/turtle_pong/launch) by extensions ['ignore', 'ignore_ament_install']
[1.840s] Level 1:colcon.colcon_core.package_identification:_identify(/home/siddarth/turtle_pong/launch) by extension 'ignore'
[1.841s] Level 1:colcon.colcon_core.package_identification:_identify(/home/siddarth/turtle_pong/launch) by extension 'ignore_ament_install'
[1.841s] Level 1:colcon.colcon_core.package_identification:_identify(/home/siddarth/turtle_pong/launch) by extensions ['colcon_pkg']
[1.841s] Level 1:colcon.colcon_core.package_identification:_identify(/home/siddarth/turtle_pong/launch) by extension 'colcon_pkg'
[1.841s] Level 1:colcon.colcon_core.package_identification:_identify(/home/siddarth/turtle_pong/launch) by extensions ['colcon_meta']
[1.841s] Level 1:colcon.colcon_core.package_identification:_identify(/home/siddarth/turtle_pong/launch) by extension 'colcon_meta'
[1.841s] Level 1:colcon.colcon_core.package_identification:_identify(/home/siddarth/turtle_pong/launch) by extensions ['ros']
[1.841s] Level 1:colcon.colcon_core.package_identification:_identify(/home/siddarth/turtle_pong/launch) by extension 'ros'
[1.841s] Level 1:colcon.colcon_core.package_identification:_identify(/home/siddarth/turtle_pong/launch) by extensions ['cmake', 'python']
[1.841s] Level 1:colcon.colcon_core.package_identification:_identify(/home/siddarth/turtle_pong/launch) by extension 'cmake'
[1.841s] Level 1:colcon.colcon_core.package_identification:_identify(/home/siddarth/turtle_pong/launch) by extension 'python'
[1.841s] Level 1:colcon.colcon_core.package_identification:_identify(/home/siddarth/turtle_pong/launch) by extensions ['python_setup_py']
[1.841s] Level 1:colcon.colcon_core.package_identification:_identify(/home/siddarth/turtle_pong/launch) by extension 'python_setup_py'
[1.841s] Level 1:colcon.colcon_core.package_identification:_identify(/home/siddarth/turtle_pong/launch/__pycache__) by extensions ['ignore', 'ignore_ament_install']
[1.842s] Level 1:colcon.colcon_core.package_identification:_identify(/home/siddarth/turtle_pong/launch/__pycache__) by extension 'ignore'
[1.842s] Level 1:colcon.colcon_core.package_identification:_identify(/home/siddarth/turtle_pong/launch/__pycache__) by extension 'ignore_ament_install'
[1.842s] Level 1:colcon.colcon_core.package_identification:_identify(/home/siddarth/turtle_pong/launch/__pycache__) by extensions ['colcon_pkg']
[1.842s] Level 1:colcon.colcon_core.package_identification:_identify(/home/siddarth/turtle_pong/launch/__pycache__) by extension 'colcon_pkg'
[1.842s] Level 1:colcon.colcon_core.package_identification:_identify(/home/siddarth/turtle_pong/launch/__pycache__) by extensions ['colcon_meta']
[1.842s] Level 1:colcon.colcon_core.package_identification:_identify(/home/siddarth/turtle_pong/launch/__pycache__) by extension 'colcon_meta'
[1.844s] Level 1:colcon.colcon_core.package_identification:_identify(/home/siddarth/turtle_pong/launch/__pycache__) by extensions ['ros']
[1.844s] Level 1:colcon.colcon_core.package_identification:_identify(/home/siddarth/turtle_pong/launch/__pycache__) by extension 'ros'
[1.844s] Level 1:colcon.colcon_core.package_identification:_identify(/home/siddarth/turtle_pong/launch/__pycache__) by extensions ['cmake', 'python']
[1.844s] Level 1:colcon.colcon_core.package_identification:_identify(/home/siddarth/turtle_pong/launch/__pycache__) by extension 'cmake'
[1.845s] Level 1:colcon.colcon_core.package_identification:_identify(/home/siddarth/turtle_pong/launch/__pycache__) by extension 'python'
[1.845s] Level 1:colcon.colcon_core.package_identification:_identify(/home/siddarth/turtle_pong/launch/__pycache__) by extensions ['python_setup_py']
[1.845s] Level 1:colcon.colcon_core.package_identification:_identify(/home/siddarth/turtle_pong/launch/__pycache__) by extension 'python_setup_py'
[1.845s] Level 1:colcon.colcon_core.package_identification:_identify(/home/siddarth/turtle_pong/log) by extensions ['ignore', 'ignore_ament_install']
[1.845s] Level 1:colcon.colcon_core.package_identification:_identify(/home/siddarth/turtle_pong/log) by extension 'ignore'
[1.845s] Level 1:colcon.colcon_core.package_identification:_identify(/home/siddarth/turtle_pong/log) ignored
[1.845s] Level 1:colcon.colcon_core.package_identification:_identify(/home/siddarth/turtle_pong/src) by extensions ['ignore', 'ignore_ament_install']
[1.845s] Level 1:colcon.colcon_core.package_identification:_identify(/home/siddarth/turtle_pong/src) by extension 'ignore'
[1.845s] Level 1:colcon.colcon_core.package_identification:_identify(/home/siddarth/turtle_pong/src) by extension 'ignore_ament_install'
[1.845s] Level 1:colcon.colcon_core.package_identification:_identify(/home/siddarth/turtle_pong/src) by extensions ['colcon_pkg']
[1.845s] Level 1:colcon.colcon_core.package_identification:_identify(/home/siddarth/turtle_pong/src) by extension 'colcon_pkg'
[1.845s] Level 1:colcon.colcon_core.package_identification:_identify(/home/siddarth/turtle_pong/src) by extensions ['colcon_meta']
[1.845s] Level 1:colcon.colcon_core.package_identification:_identify(/home/siddarth/turtle_pong/src) by extension 'colcon_meta'
[1.845s] Level 1:colcon.colcon_core.package_identification:_identify(/home/siddarth/turtle_pong/src) by extensions ['ros']
[1.845s] Level 1:colcon.colcon_core.package_identification:_identify(/home/siddarth/turtle_pong/src) by extension 'ros'
[1.845s] Level 1:colcon.colcon_core.package_identification:_identify(/home/siddarth/turtle_pong/src) by extensions ['cmake', 'python']
[1.846s] Level 1:colcon.colcon_core.package_identification:_identify(/home/siddarth/turtle_pong/src) by extension 'cmake'
[1.846s] Level 1:colcon.colcon_core.package_identification:_identify(/home/siddarth/turtle_pong/src) by extension 'python'
[1.846s] Level 1:colcon.colcon_core.package_identification:_identify(/home/siddarth/turtle_pong/src) by extensions ['python_setup_py']
[1.846s] Level 1:colcon.colcon_core.package_identification:_identify(/home/siddarth/turtle_pong/src) by extension 'python_setup_py'
[1.846s] Level 1:colcon.colcon_core.package_identification:_identify(/home/siddarth/turtle_pong/src/build) by extensions ['ignore', 'ignore_ament_install']
[1.848s] Level 1:colcon.colcon_core.package_identification:_identify(/home/siddarth/turtle_pong/src/build) by extension 'ignore'
[1.849s] Level 1:colcon.colcon_core.package_identification:_identify(/home/siddarth/turtle_pong/src/build) ignored
[1.849s] Level 1:colcon.colcon_core.package_identification:_identify(/home/siddarth/turtle_pong/src/install) by extensions ['ignore', 'ignore_ament_install']
[1.849s] Level 1:colcon.colcon_core.package_identification:_identify(/home/siddarth/turtle_pong/src/install) by extension 'ignore'
[1.849s] Level 1:colcon.colcon_core.package_identification:_identify(/home/siddarth/turtle_pong/src/install) ignored
[1.849s] Level 1:colcon.colcon_core.package_identification:_identify(/home/siddarth/turtle_pong/src/log) by extensions ['ignore', 'ignore_ament_install']
[1.849s] Level 1:colcon.colcon_core.package_identification:_identify(/home/siddarth/turtle_pong/src/log) by extension 'ignore'
[1.849s] Level 1:colcon.colcon_core.package_identification:_identify(/home/siddarth/turtle_pong/src/log) ignored
[1.850s] Level 1:colcon.colcon_core.package_identification:_identify(/home/siddarth/turtle_pong/src/ping_pong) by extensions ['ignore', 'ignore_ament_install']
[1.850s] Level 1:colcon.colcon_core.package_identification:_identify(/home/siddarth/turtle_pong/src/ping_pong) by extension 'ignore'
[1.850s] Level 1:colcon.colcon_core.package_identification:_identify(/home/siddarth/turtle_pong/src/ping_pong) by extension 'ignore_ament_install'
[1.850s] Level 1:colcon.colcon_core.package_identification:_identify(/home/siddarth/turtle_pong/src/ping_pong) by extensions ['colcon_pkg']
[1.850s] Level 1:colcon.colcon_core.package_identification:_identify(/home/siddarth/turtle_pong/src/ping_pong) by extension 'colcon_pkg'
[1.850s] Level 1:colcon.colcon_core.package_identification:_identify(/home/siddarth/turtle_pong/src/ping_pong) by extensions ['colcon_meta']
[1.850s] Level 1:colcon.colcon_core.package_identification:_identify(/home/siddarth/turtle_pong/src/ping_pong) by extension 'colcon_meta'
[1.850s] Level 1:colcon.colcon_core.package_identification:_identify(/home/siddarth/turtle_pong/src/ping_pong) by extensions ['ros']
[1.850s] Level 1:colcon.colcon_core.package_identification:_identify(/home/siddarth/turtle_pong/src/ping_pong) by extension 'ros'
[1.856s] DEBUG:colcon.colcon_core.package_identification:Package '/home/siddarth/turtle_pong/src/ping_pong' with type 'ros.ament_python' and name 'ping_pong'
[1.856s] Level 1:colcon.colcon_core.package_discovery:discover_packages(recursive) using defaults
