[0.664s] Invoking command in '/home/siddarth/turtle_pong/build/ping_pong': PYTHONPATH=/home/siddarth/turtle_pong/build/ping_pong/prefix_override:/home/siddarth/turtle_pong/install/ping_pong/lib/python3.10/site-packages:${PYTHONPATH} /usr/bin/python3 setup.py develop --editable --build-directory /home/siddarth/turtle_pong/build/ping_pong/build --no-deps install_data
[0.926s] running develop
[1.107s] running egg_info
[1.107s] writing ping_pong.egg-info/PKG-INFO
[1.108s] writing dependency_links to ping_pong.egg-info/dependency_links.txt
[1.109s] writing entry points to ping_pong.egg-info/entry_points.txt
[1.110s] writing requirements to ping_pong.egg-info/requires.txt
[1.110s] writing top-level names to ping_pong.egg-info/top_level.txt
[1.111s] reading manifest file 'ping_pong.egg-info/SOURCES.txt'
[1.113s] writing manifest file 'ping_pong.egg-info/SOURCES.txt'
[1.115s] running build_ext
[1.115s] Creating /home/siddarth/turtle_pong/install/ping_pong/lib/python3.10/site-packages/ping-pong.egg-link (link to .)
[1.116s] Installing ball script to /home/siddarth/turtle_pong/install/ping_pong/lib/ping_pong
[1.116s] Installing key_teleop script to /home/siddarth/turtle_pong/install/ping_pong/lib/ping_pong
[1.116s] Installing paddles script to /home/siddarth/turtle_pong/install/ping_pong/lib/ping_pong
[1.117s] 
[1.117s] Installed /home/siddarth/turtle_pong/build/ping_pong
[1.117s] running install_data
[1.117s] copying package.xml -> /home/siddarth/turtle_pong/install/ping_pong/share/ping_pong
[1.153s] Invoked command in '/home/siddarth/turtle_pong/build/ping_pong' returned '0': PYTHONPATH=/home/siddarth/turtle_pong/build/ping_pong/prefix_override:/home/siddarth/turtle_pong/install/ping_pong/lib/python3.10/site-packages:${PYTHONPATH} /usr/bin/python3 setup.py develop --editable --build-directory /home/siddarth/turtle_pong/build/ping_pong/build --no-deps install_data
