running egg_info
creating ../build/ping_pong/ping_pong.egg-info
writing ../build/ping_pong/ping_pong.egg-info/PKG-INFO
writing dependency_links to ../build/ping_pong/ping_pong.egg-info/dependency_links.txt
writing entry points to ../build/ping_pong/ping_pong.egg-info/entry_points.txt
writing requirements to ../build/ping_pong/ping_pong.egg-info/requires.txt
writing top-level names to ../build/ping_pong/ping_pong.egg-info/top_level.txt
writing manifest file '../build/ping_pong/ping_pong.egg-info/SOURCES.txt'
reading manifest file '../build/ping_pong/ping_pong.egg-info/SOURCES.txt'
writing manifest file '../build/ping_pong/ping_pong.egg-info/SOURCES.txt'
running build
running build_py
creating /home/siddarth/turtle_pong/src/build/ping_pong/build
creating /home/siddarth/turtle_pong/src/build/ping_pong/build/lib
creating /home/siddarth/turtle_pong/src/build/ping_pong/build/lib/ping_pong
copying ping_pong/__init__.py -> /home/siddarth/turtle_pong/src/build/ping_pong/build/lib/ping_pong
running install
running install_lib
creating /home/siddarth/turtle_pong/src/install/ping_pong/lib/python3.10/site-packages/ping_pong
copying /home/siddarth/turtle_pong/src/build/ping_pong/build/lib/ping_pong/__init__.py -> /home/siddarth/turtle_pong/src/install/ping_pong/lib/python3.10/site-packages/ping_pong
byte-compiling /home/siddarth/turtle_pong/src/install/ping_pong/lib/python3.10/site-packages/ping_pong/__init__.py to __init__.cpython-310.pyc
running install_data
creating /home/siddarth/turtle_pong/src/install/ping_pong/share/ament_index
creating /home/siddarth/turtle_pong/src/install/ping_pong/share/ament_index/resource_index
creating /home/siddarth/turtle_pong/src/install/ping_pong/share/ament_index/resource_index/packages
copying resource/ping_pong -> /home/siddarth/turtle_pong/src/install/ping_pong/share/ament_index/resource_index/packages
copying package.xml -> /home/siddarth/turtle_pong/src/install/ping_pong/share/ping_pong
running install_egg_info
Copying ../build/ping_pong/ping_pong.egg-info to /home/siddarth/turtle_pong/src/install/ping_pong/lib/python3.10/site-packages/ping_pong-0.0.0-py3.10.egg-info
running install_scripts
writing list of installed files to '/home/siddarth/turtle_pong/src/build/ping_pong/install.log'
